

================================================================
== Vivado HLS Report for 'blur_Block_proc9'
================================================================
* Date:           Thu Nov 30 23:34:09 2017

* Version:        2015.4 (Build 1412921 on Wed Nov 18 09:58:55 AM 2015)
* Project:        medium_maxi
* Solution:       solution1
* Product family: zynq
* Target device:  xc7z020clg484-1


================================================================
== Performance Estimates
================================================================
+ Timing (ns): 
    * Summary: 
    +--------+-------+----------+------------+
    |  Clock | Target| Estimated| Uncertainty|
    +--------+-------+----------+------------+
    |ap_clk  |  10.00|      4.38|        1.25|
    +--------+-------+----------+------------+

+ Latency (clock cycles): 
    * Summary: 
    +-----+-----+-----+-----+---------+
    |  Latency  |  Interval | Pipeline|
    | min | max | min | max |   Type  |
    +-----+-----+-----+-----+---------+
    |    0|    0|    0|    0|   none  |
    +-----+-----+-----+-----+---------+

    + Detail: 
        * Instance: 
        N/A

        * Loop: 
        N/A



================================================================
== Utilization Estimates
================================================================
* Summary: 
+-----------------+---------+-------+--------+-------+
|       Name      | BRAM_18K| DSP48E|   FF   |  LUT  |
+-----------------+---------+-------+--------+-------+
|DSP              |        -|      -|       -|      -|
|Expression       |        -|      -|       0|      1|
|FIFO             |        -|      -|       -|      -|
|Instance         |        -|      -|       -|      -|
|Memory           |        -|      -|       -|      -|
|Multiplexer      |        -|      -|       -|      -|
|Register         |        -|      -|       2|      -|
+-----------------+---------+-------+--------+-------+
|Total            |        0|      0|       2|      1|
+-----------------+---------+-------+--------+-------+
|Available        |      280|    220|  106400|  53200|
+-----------------+---------+-------+--------+-------+
|Utilization (%)  |        0|      0|   ~0   |   ~0  |
+-----------------+---------+-------+--------+-------+

+ Detail: 
    * Instance: 
    N/A

    * DSP48: 
    N/A

    * Memory: 
    N/A

    * FIFO: 
    N/A

    * Expression: 
    +---------------+----------+-------+---+----+------------+------------+
    | Variable Name | Operation| DSP48E| FF| LUT| Bitwidth P0| Bitwidth P1|
    +---------------+----------+-------+---+----+------------+------------+
    |ap_sig_bdd_57  |    or    |      0|  0|   1|           1|           1|
    +---------------+----------+-------+---+----+------------+------------+
    |Total          |          |      0|  0|   1|           1|           1|
    +---------------+----------+-------+---+----+------------+------------+

    * Multiplexer: 
    N/A

    * Register: 
    +-------------+---+----+-----+-----------+
    |     Name    | FF| LUT| Bits| Const Bits|
    +-------------+---+----+-----+-----------+
    |ap_CS_fsm    |  1|   0|    1|          0|
    |ap_done_reg  |  1|   0|    1|          0|
    +-------------+---+----+-----+-----------+
    |Total        |  2|   0|    2|          0|
    +-------------+---+----+-----+-----------+



================================================================
== Interface
================================================================
* Summary: 
+-----------------------+-----+-----+------------+-------------------+--------------+
|       RTL Ports       | Dir | Bits|  Protocol  |   Source Object   |    C Type    |
+-----------------------+-----+-----+------------+-------------------+--------------+
|ap_clk                 |  in |    1| ap_ctrl_hs | blur_Block__proc9 | return value |
|ap_rst                 |  in |    1| ap_ctrl_hs | blur_Block__proc9 | return value |
|ap_start               |  in |    1| ap_ctrl_hs | blur_Block__proc9 | return value |
|ap_done                | out |    1| ap_ctrl_hs | blur_Block__proc9 | return value |
|ap_continue            |  in |    1| ap_ctrl_hs | blur_Block__proc9 | return value |
|ap_idle                | out |    1| ap_ctrl_hs | blur_Block__proc9 | return value |
|ap_ready               | out |    1| ap_ctrl_hs | blur_Block__proc9 | return value |
|src_rows_V_out_din     | out |   12|   ap_fifo  |   src_rows_V_out  |    pointer   |
|src_rows_V_out_full_n  |  in |    1|   ap_fifo  |   src_rows_V_out  |    pointer   |
|src_rows_V_out_write   | out |    1|   ap_fifo  |   src_rows_V_out  |    pointer   |
|src_cols_V_out_din     | out |   12|   ap_fifo  |   src_cols_V_out  |    pointer   |
|src_cols_V_out_full_n  |  in |    1|   ap_fifo  |   src_cols_V_out  |    pointer   |
|src_cols_V_out_write   | out |    1|   ap_fifo  |   src_cols_V_out  |    pointer   |
|image_in               |  in |   32|   ap_none  |      image_in     |    scalar    |
|image_out              |  in |   32|   ap_none  |     image_out     |    scalar    |
|image_in_out_din       | out |   32|   ap_fifo  |    image_in_out   |    pointer   |
|image_in_out_full_n    |  in |    1|   ap_fifo  |    image_in_out   |    pointer   |
|image_in_out_write     | out |    1|   ap_fifo  |    image_in_out   |    pointer   |
|image_out_out_din      | out |   32|   ap_fifo  |   image_out_out   |    pointer   |
|image_out_out_full_n   |  in |    1|   ap_fifo  |   image_out_out   |    pointer   |
|image_out_out_write    | out |    1|   ap_fifo  |   image_out_out   |    pointer   |
+-----------------------+-----+-----+------------+-------------------+--------------+

