@I [HLS-0] Workspace /home/chathura/Desktop/medium_maxi/solution1 opened at Sun Dec 03 21:40:07 +0530 2017
@I [HLS-100] Command "config_clock -quiet -name default -period 10 -default=false "
@I [SYN-201] Setting up clock 'default' with a period of 10ns.
@I [HLS-100] Command 'config_clock' returned 0; elapsed 0.000169Total elapsed time: 5.965 sec.
@I [HLS-100] Command "open_platform DefaultPlatform "
@I [HLS-100] Command 'open_platform' returned 0; elapsed 0.000119Total elapsed time: 6.8 sec.
@I [HLS-100] Command "import_lib /opt/Xilinx/Vivado_HLS/2015.4/common/technology/xilinx/zynq/zynq "
@I [HLS-100] Command "source /opt/Xilinx/Vivado_HLS/2015.4/common/technology/xilinx/common/xilinx.lib "
@I [HLS-100] Command "source /opt/Xilinx/Vivado_HLS/2015.4/common/technology/xilinx/interface/xilinx_interface.lib "
@I [HLS-100] Command "source /opt/Xilinx/Vivado_HLS/2015.4/common/technology/xilinx/interface/plb46.lib "
@I [HLS-100] Command 'ap_source' returned 0; elapsed 0.001323Total elapsed time: 6.38 sec.
@I [HLS-100] Command "source /opt/Xilinx/Vivado_HLS/2015.4/common/technology/xilinx/interface/fsl.lib "
@I [HLS-100] Command 'ap_source' returned 0; elapsed 0.000831Total elapsed time: 6.51 sec.
@I [HLS-100] Command "source /opt/Xilinx/Vivado_HLS/2015.4/common/technology/xilinx/interface/axi4.lib "
@I [HLS-100] Command 'ap_source' returned 0; elapsed 0.000955Total elapsed time: 6.60 sec.
@I [HLS-100] Command "source /opt/Xilinx/Vivado_HLS/2015.4/common/technology/xilinx/interface/maxi.lib "
@I [HLS-100] Command 'ap_source' returned 0; elapsed 0.000964Total elapsed time: 6.69 sec.
@I [HLS-100] Command "source /opt/Xilinx/Vivado_HLS/2015.4/common/technology/xilinx/interface/saxilite.lib "
@I [HLS-100] Command 'ap_source' returned 0; elapsed 0.000921Total elapsed time: 6.77 sec.
@I [HLS-100] Command 'ap_source' returned 0; elapsed 0.007319Total elapsed time: 6.77 sec.
@I [HLS-100] Command "source /opt/Xilinx/Vivado_HLS/2015.4/common/technology/xilinx/common/dsp48.lib "
@I [HLS-100] Command 'ap_source' returned 0; elapsed 0.000782Total elapsed time: 6.83 sec.
@I [HLS-100] Command "source /opt/Xilinx/Vivado_HLS/2015.4/common/technology/xilinx/ip/xfft.lib "
@I [HLS-100] Command 'ap_source' returned 0; elapsed 0.000758Total elapsed time: 6.197 sec.
@I [HLS-100] Command "source /opt/Xilinx/Vivado_HLS/2015.4/common/technology/xilinx/ip/dds_compiler.lib "
@I [HLS-100] Command 'ap_source' returned 0; elapsed 0.000684Total elapsed time: 6.214 sec.
@I [HLS-100] Command "source /opt/Xilinx/Vivado_HLS/2015.4/common/technology/xilinx/ip/xfir.lib "
@I [HLS-100] Command 'ap_source' returned 0; elapsed 0.000566Total elapsed time: 6.215 sec.
@I [HLS-100] Command 'ap_source' returned 0; elapsed 0.018444Total elapsed time: 6.221 sec.
@I [HLS-100] Command "source /opt/Xilinx/Vivado_HLS/2015.4/common/technology/xilinx/common/xilinx_old.lib "
@I [HLS-100] Command 'ap_source' returned 0; elapsed 0.001594Total elapsed time: 6.241 sec.
@I [HLS-100] Command "source /opt/Xilinx/Vivado_HLS/2015.4/common/technology/xilinx/common/xilinx_vivado.lib "
@I [HLS-100] Command 'ap_source' returned 0; elapsed 0.001123Total elapsed time: 6.242 sec.
@I [HLS-100] Command "source /opt/Xilinx/Vivado_HLS/2015.4/common/technology/xilinx/common/xilinx.hlp "
@I [HLS-100] Command "source /opt/Xilinx/Vivado_HLS/2015.4/common/technology/xilinx/common/target_info.tcl "
@I [HLS-100] Command 'ap_source' returned 0; elapsed 0.000775Total elapsed time: 6.294 sec.
@I [HLS-100] Command "source /opt/Xilinx/Vivado_HLS/2015.4/common/technology/xilinx/interface/xilinx_interface.hlp "
@I [HLS-100] Command "source /opt/Xilinx/Vivado_HLS/2015.4/common/technology/xilinx/interface/maxi.hlp "
@I [HLS-100] Command 'ap_source' returned 0; elapsed 0.000584Total elapsed time: 6.468 sec.
@I [HLS-100] Command "source /opt/Xilinx/Vivado_HLS/2015.4/common/technology/xilinx/interface/saxilite.hlp "
@I [HLS-100] Command 'ap_source' returned 0; elapsed 0.000389Total elapsed time: 6.552 sec.
@I [HLS-100] Command 'ap_source' returned 0; elapsed 0.001966Total elapsed time: 6.553 sec.
@I [HLS-100] Command "source /opt/Xilinx/Vivado_HLS/2015.4/common/technology/xilinx/common/dsp48.hlp "
@I [HLS-100] Command 'ap_source' returned 0; elapsed 0.001276Total elapsed time: 6.558 sec.
@I [HLS-100] Command 'ap_source' returned 0; elapsed 0.007001Total elapsed time: 6.559 sec.
@I [HLS-100] Command "source /opt/Xilinx/Vivado_HLS/2015.4/common/technology/xilinx/zynq/dsp48e1.hlp "
@I [HLS-100] Command 'ap_source' returned 0; elapsed 0.000422Total elapsed time: 6.571 sec.
@I [HLS-100] Command "get_default_platform "
@I [HLS-100] Command 'get_default_platform' returned 0; elapsed 1.9e-05Total elapsed time: 6.571 sec.
@I [HLS-100] Command "config_chip_info -quiet -resource  {SLICE 13300}  {LUT 53200}     {FF 106400} {DSP48E 220}   {BRAM 280}  "
@I [HLS-100] Command 'config_chip_info' returned 0; elapsed 4.1e-05Total elapsed time: 6.572 sec.
@I [HLS-100] Command "config_chip_info -quiet -speed medium "
@I [HLS-100] Command 'config_chip_info' returned 0; elapsed 1.3e-05Total elapsed time: 6.572 sec.
@I [HLS-100] Command 'import_lib' returned 0; elapsed 0.041559Total elapsed time: 6.575 sec.
@I [HLS-100] Command "source /opt/Xilinx/Vivado_HLS/2015.4/common/technology/xilinx/zynq/zynq.gen "
@I [HLS-100] Command "source /opt/Xilinx/Vivado_HLS/2015.4/common/technology/xilinx/common/virtex.gen "
@I [HLS-100] Command "source /opt/Xilinx/Vivado_HLS/2015.4/common/technology/xilinx/common/xilinx.gen "
@I [HLS-100] Command "source /opt/Xilinx/Vivado_HLS/2015.4/common/technology/xilinx/interface/plb46.gen "
@I [HLS-100] Command 'ap_source' returned 0; elapsed 0.00452Total elapsed time: 6.889 sec.
@I [HLS-100] Command "source /opt/Xilinx/Vivado_HLS/2015.4/common/technology/xilinx/interface/fsl.gen "
@I [HLS-100] Command 'ap_source' returned 0; elapsed 0.001851Total elapsed time: 6.927 sec.
@I [HLS-100] Command "source /opt/Xilinx/Vivado_HLS/2015.4/common/technology/xilinx/interface/axi4.gen "
@I [HLS-100] Command 'ap_source' returned 0; elapsed 0.006652Total elapsed time: 6.934 sec.
@I [HLS-100] Command "source /opt/Xilinx/Vivado_HLS/2015.4/common/technology/xilinx/interface/nativeAXI4.gen "
@I [HLS-100] Command "source /opt/Xilinx/Vivado_HLS/2015.4/common/technology/xilinx/interface/saxilite.gen "
@I [HLS-100] Command 'ap_source' returned 0; elapsed 0.011707Total elapsed time: 6.983 sec.
@I [HLS-100] Command "source /opt/Xilinx/Vivado_HLS/2015.4/common/technology/xilinx/interface/maxi.gen "
@I [HLS-100] Command 'ap_source' returned 0; elapsed 0.019459Total elapsed time: 7.249 sec.
@I [HLS-100] Command 'ap_source' returned 0; elapsed 0.032068Total elapsed time: 7.249 sec.
@I [HLS-100] Command "source /opt/Xilinx/Vivado_HLS/2015.4/common/technology/xilinx/scripts/xilinxcoregen.gen "
@I [HLS-100] Command 'ap_source' returned 0; elapsed 0.020873Total elapsed time: 7.375 sec.
@I [HLS-100] Command "source /opt/Xilinx/Vivado_HLS/2015.4/common/technology/xilinx/interface/XilEDKCoreGen.gen "
@I [HLS-100] Command 'ap_source' returned 0; elapsed 0.014943Total elapsed time: 7.493 sec.
@I [HLS-100] Command "source /opt/Xilinx/Vivado_HLS/2015.4/common/technology/xilinx/ip/dds_compiler.gen "
@I [HLS-100] Command 'ap_source' returned 0; elapsed 0.009661Total elapsed time: 7.545 sec.
@I [HLS-100] Command "source /opt/Xilinx/Vivado_HLS/2015.4/common/technology/xilinx/ip/xfir.gen "
@I [HLS-100] Command "source /opt/Xilinx/Vivado_HLS/2015.4/tps/tcl/tcllib1.11.1/struct/list.tcl "
@I [HLS-100] Command "source /opt/Xilinx/Vivado_HLS/2015.4/tps/tcl/tcllib1.11.1/cmdline/cmdline.tcl "
@I [HLS-100] Command 'ap_source' returned 0; elapsed 0.002997Total elapsed time: 7.829 sec.
@I [HLS-100] Command 'ap_source' returned 0; elapsed 0.006472Total elapsed time: 7.831 sec.
@I [HLS-100] Command "source /opt/Xilinx/Vivado_HLS/2015.4/tps/tcl/tcllib1.11.1/math/bignum.tcl "
@I [HLS-100] Command 'ap_source' returned 0; elapsed 0.002506Total elapsed time: 7.992 sec.
@I [HLS-100] Command 'ap_source' returned 0; elapsed 0.063768Total elapsed time: 8.8 sec.
@I [HLS-100] Command "source /opt/Xilinx/Vivado_HLS/2015.4/common/technology/xilinx/ip/xfft.gen "
@I [HLS-100] Command 'ap_source' returned 0; elapsed 0.112873Total elapsed time: 8.686 sec.
@I [HLS-100] Command "source /opt/Xilinx/Vivado_HLS/2015.4/common/technology/xilinx/ip/util.gen "
@I [HLS-100] Command 'ap_source' returned 0; elapsed 0.000388Total elapsed time: 8.716 sec.
@I [HLS-100] Command 'ap_source' returned 0; elapsed 0.269424Total elapsed time: 8.716 sec.
@I [HLS-100] Command "source /opt/Xilinx/Vivado_HLS/2015.4/common/technology/xilinx/common/dsp48.gen "
@I [HLS-100] Command 'ap_source' returned 0; elapsed 0.000492Total elapsed time: 8.767 sec.
@I [HLS-100] Command 'ap_source' returned 0; elapsed 0.273846Total elapsed time: 8.767 sec.
@I [HLS-100] Command 'ap_source' returned 0; elapsed 0.274665Total elapsed time: 8.768 sec.
@I [HLS-100] Command "open_platform DefaultPlatform "
@I [HLS-100] Command 'open_platform' returned 0; elapsed 2.2e-05Total elapsed time: 8.768 sec.
@I [HLS-100] Command "import_lib /opt/Xilinx/Vivado_HLS/2015.4/common/technology/xilinx/zynq/zynq_fpv6 "
@I [HLS-100] Command "source /opt/Xilinx/Vivado_HLS/2015.4/common/technology/xilinx/common/xilinx_fpv7.lib "
@I [HLS-100] Command "source /opt/Xilinx/Vivado_HLS/2015.4/common/technology/xilinx/common/xilinx_hp.lib "
@I [HLS-100] Command 'ap_source' returned 0; elapsed 0.000699Total elapsed time: 8.921 sec.
@I [HLS-100] Command 'ap_source' returned 0; elapsed 0.003514Total elapsed time: 8.924 sec.
@I [HLS-100] Command "source /opt/Xilinx/Vivado_HLS/2015.4/common/technology/xilinx/common/xilinx_fpv.hlp "
@I [HLS-100] Command "source /opt/Xilinx/Vivado_HLS/2015.4/common/technology/xilinx/common/xilinx.hlp "
@I [HLS-100] Command "source /opt/Xilinx/Vivado_HLS/2015.4/common/technology/xilinx/common/target_info.tcl "
@I [HLS-100] Command 'ap_source' returned 0; elapsed 0.000184Total elapsed time: 9.100 sec.
@I [HLS-100] Command "source /opt/Xilinx/Vivado_HLS/2015.4/common/technology/xilinx/interface/xilinx_interface.hlp "
@I [HLS-100] Command "source /opt/Xilinx/Vivado_HLS/2015.4/common/technology/xilinx/interface/maxi.hlp "
@I [HLS-100] Command 'ap_source' returned 0; elapsed 7.9e-05Total elapsed time: 9.100 sec.
@I [HLS-100] Command "source /opt/Xilinx/Vivado_HLS/2015.4/common/technology/xilinx/interface/saxilite.hlp "
@I [HLS-100] Command 'ap_source' returned 0; elapsed 7.8e-05Total elapsed time: 9.100 sec.
@I [HLS-100] Command 'ap_source' returned 0; elapsed 0.000284Total elapsed time: 9.100 sec.
@I [HLS-100] Command "source /opt/Xilinx/Vivado_HLS/2015.4/common/technology/xilinx/common/dsp48.hlp "
@I [HLS-100] Command 'ap_source' returned 0; elapsed 0.000507Total elapsed time: 9.101 sec.
@I [HLS-100] Command 'ap_source' returned 0; elapsed 0.002197Total elapsed time: 9.101 sec.
@I [HLS-100] Command 'ap_source' returned 0; elapsed 0.00302Total elapsed time: 9.102 sec.
@I [HLS-100] Command "source /opt/Xilinx/Vivado_HLS/2015.4/common/technology/xilinx/zynq/zynq_hp.hlp "
@I [HLS-100] Command 'ap_source' returned 0; elapsed 0.00261Total elapsed time: 9.143 sec.
@I [HLS-100] Command 'import_lib' returned 0; elapsed 0.028416Total elapsed time: 9.151 sec.
@I [HLS-100] Command "source /opt/Xilinx/Vivado_HLS/2015.4/common/technology/xilinx/zynq/zynq_fpv6.gen "
@I [HLS-100] Command "source /opt/Xilinx/Vivado_HLS/2015.4/common/technology/xilinx/common/xilinx_fpv6.gen "
@I [HLS-100] Command 'ap_source' returned 0; elapsed 0.001675Total elapsed time: 9.184 sec.
@I [HLS-100] Command 'ap_source' returned 0; elapsed 0.001968Total elapsed time: 9.184 sec.
@I [HLS-100] Command "set_part xc7z020clg484-1 "
@I [HLS-100] Command "add_library xilinx/zynq/zynq:xc7z020:clg484:-1 "
@I [HLS-100] Command "get_default_platform "
@I [HLS-100] Command 'get_default_platform' returned 0; elapsed 7e-06Total elapsed time: 9.270 sec.
@I [HLS-100] Command "license_isbetapart xc7z020 "
@I [HLS-100] Command 'license_isbetapart' returned 1; elapsed 0.016654Total elapsed time: 11.889 sec.
@I [HLS-100] Command "get_default_platform "
@I [HLS-100] Command 'get_default_platform' returned 0; elapsed 2e-05Total elapsed time: 11.891 sec.
@I [HLS-100] Command "config_chip_info -quiet -resource  {SLICE 13300}  {LUT 53200}     {FF 106400} {DSP48E 220}   {BRAM 280}  "
@I [HLS-100] Command 'config_chip_info' returned 0; elapsed 3.7e-05Total elapsed time: 11.891 sec.
@I [HLS-100] Command "config_chip_info -quiet -speed slow "
@I [HLS-100] Command 'config_chip_info' returned 0; elapsed 1.5e-05Total elapsed time: 11.891 sec.
@I [HLS-100] Command 'add_library' returned 0; elapsed 0.023218Total elapsed time: 12.561 sec.
@I [HLS-100] Command "add_library xilinx/zynq/zynq_fpv6 "
@I [HLS-100] Command "get_default_platform "
@I [HLS-100] Command 'get_default_platform' returned 0; elapsed 1.1e-05Total elapsed time: 12.562 sec.
@I [HLS-100] Command 'add_library' returned 0; elapsed 0.003185Total elapsed time: 12.954 sec.
@I [HLS-10] Setting target device to 'xc7z020clg484-1'
@I [HLS-100] Command 'set_part' returned 0; elapsed 0.029579Total elapsed time: 12.955 sec.
@I [HLS-100] Command "get_default_platform "
@I [HLS-100] Command 'get_default_platform' returned 0; elapsed 1.8e-05Total elapsed time: 12.955 sec.
@I [HLS-100] Command "config_chip_info -quiet -resource  {SLICE 13300}  {LUT 53200}     {FF 106400} {DSP48E 220}   {BRAM 280}  "
@I [HLS-100] Command 'config_chip_info' returned 0; elapsed 3.7e-05Total elapsed time: 12.955 sec.
@I [HLS-100] Command "config_chip_info -quiet -speed slow "
@I [HLS-100] Command 'config_chip_info' returned 0; elapsed 1.1e-05Total elapsed time: 12.955 sec.
@I [HLS-100] Command 'open_solution' returned 0; elapsed 0.395459Total elapsed time: 12.957 sec.
@I [HLS-100] Command "csim_design -quiet "
@I [HLS-100] Command "source /home/chathura/Desktop/medium_maxi/solution1/.autopilot/db/global.setting.tcl "
@I [HLS-100] Command 'ap_source' returned 0; elapsed 0.0008Total elapsed time: 13.202 sec.
@I [HLS-100] Command "source csim/.lst_opt.tcl "
@I [HLS-100] Command 'ap_source' returned 0; elapsed 0.000205Total elapsed time: 13.255 sec.
@I [HLS-100] Command "is_encrypted /home/chathura/Desktop/medium_maxi/test.jpg "
@I [HLS-100] Command 'is_encrypted' returned 0; elapsed 0.000193Total elapsed time: 13.888 sec.
@I [HLS-100] Command "is_xip /home/chathura/Desktop/medium_maxi/test.jpg "
@I [HLS-100] Command 'is_xip' returned 0; elapsed 8.1e-05Total elapsed time: 13.888 sec.
@I [HLS-100] Command "is_encrypted /home/chathura/Desktop/medium_maxi/test.cpp "
@I [HLS-100] Command 'is_encrypted' returned 0; elapsed 4.5e-05Total elapsed time: 13.889 sec.
@I [HLS-100] Command "is_xip /home/chathura/Desktop/medium_maxi/test.cpp "
@I [HLS-100] Command 'is_xip' returned 0; elapsed 3.7e-05Total elapsed time: 13.889 sec.
@I [HLS-100] Command "is_encrypted /home/chathura/Desktop/medium_maxi/core.cpp "
@I [HLS-100] Command 'is_encrypted' returned 0; elapsed 4e-05Total elapsed time: 13.889 sec.
@I [HLS-100] Command "is_xip /home/chathura/Desktop/medium_maxi/core.cpp "
@I [HLS-100] Command 'is_xip' returned 0; elapsed 3.6e-05Total elapsed time: 13.889 sec.
@I [HLS-100] Command "source run_sim.tcl "
@I [HLS-100] Command 'ap_source' returned 0; elapsed 0.009443Total elapsed time: 109.925 sec.
@I [SIM-1] CSim done with 0 errors.
@I [HLS-100] Command 'csim_design' returned 0; elapsed 0.062091Total elapsed time: 110.30 sec.
@I [HLS-100] Command 'ap_source' returned 0; elapsed 0.459621Total elapsed time: 110.30 sec.
@I [HLS-100] Command "cleanup_all "
@I [HLS-100] Command 'cleanup_all' returned 0; elapsed 0.002611Total elapsed time: 110.414 sec.
